30349
19300
14827
20027
22888
389
527
28895
17799
32676
7987
2837
6903
31779
9943
5053
25658
17632
6412
14360
27216
16119
11931
18419
4326
572
8503
1928
26852
3488
5907
16272
18569
32364
13036
9546
14453
10218
15910
6270
30693
30693
10121
1589
12758
14310
17349
24955
6961
11169
14544
5177
1884
15731
3531
8243
2498
12482
20025
4555
19625
2408
1435
22555
31032
5831
30932
15117
15855
3268
2579
6886
7217
18001
4953
17863
4349
4064
5367
6837
1354
30234
15451
4152
12425
22171
5939
24362
13200
30125
18822
12152
29692
17402
12456
12456
16099
1779
3750
4062
