1000
76
922
163
360
890
945
489
239
340
853
740
655
180
646
233
826
996
404
425
853
291
899
16
376
987
663
351
120
406
123
370
192
273
833
828
472
729
832
115
595
801
137
452
123
54
938
382
560
610
964
9
395
433
343
281
17
83
297
795
717
293
648
967
107
381
201
111
566
790
818
908
985
393
963
692
786
641
265
753
193
281
973
298
786
921
153
625
386
161
787
664
47
574
776
1015
616
879
967
482
397
952
395
613
768
655
424
381
714
239
241
2
803
482
901
355
538
430
646
429
1009
583
469
1004
601
361
393
369
657
907
319
828
881
915
175
979
485
723
418
999
635
896
221
408
551
516
210
825
615
704
75
460
780
167
390
276
892
167
838
825
421
855
457
743
376
919
537
777
576
320
908
772
336
396
333
749
185
78
841
1018
324
972
642
329
619
126
668
174
986
967
962
1
146
501
401
444
848
441
450
354
214
81
490
571
677
144
490
120
61
808
74
954
5
57
80
361
417
401
73
189
729
481
377
257
291
658
517
760
59
521
101
359
678
126
538
232
101
727
763
101
445
589
137
101
648
141
521
292
286
840
158
601
933
424
777
680
351
178
35
819
471
75
829
7
169
238
71
674
510
233
347
596
59
851
691
1000
659
553
742
121
396
123
946
778
739
739
739
309
41
227
633
593
249
419
176
629
699
784
419
419
686
419
419
364
990
346
535
142
405
983
480
625
601
51
204
625
724
597
419
758
558
469
950
755
436
81
680
89
391
201
393
742
86
263
185
627
1017
419
141
946
465
843
251
161
986
102
186
196
281
835
552
552
603
653
267
870
90
326
451
519
509
289
581
719
427
752
487
351
928
326
967
864
13
159
4
252
523
90
197
849
234
90
90
664
965
709
136
326
267
753
535
867
53
19
741
101
154
489
812
90
532
559
639
532
532
48
31
32
39
332
473
24
973
567
865
709
998
663
51
741
434
319
224
634
745
858
415
564
253
375
353
434
509
649
1018
434
653
434
434
831
983
793
50
201
751
420
693
1
617
334
887
603
281
588
321
408
428
638
494
270
564
733
207
998
564
564
279
564
277
564
12
824
145
883
564
273
398
20
222
27
250
613
393
875
932
112
965
271
831
784
541
193
251
334
191
571
562
634
33
795
432
984
501
562
637
83
491
562
609
562
104
562
562
935
346
202
691
534
293
534
536
205
282
361
254
534
843
627
987
867
916
499
63
742
534
836
716
44
534
542
701
625
333
993
663
838
458
367
1021
723
281
161
457
679
1000
966
781
850
839
763
120
447
49
331
40
722
216
898
973
483
837
483
881
483
483
483
1022
718
277
483
928
274
999
794
483
483
981
664
836
11
483
969
950
601
9
233
672
22
633
655
64
713
361
731
773
566
185
544
541
338
393
64
64
512
64
64
799
921
100
1021
859
426
916
34
323
649
350
12
554
49
973
347
97
29
97
206
138
181
188
188
188
403
188
775
805
540
494
137
337
637
267
520
882
1016
337
966
337
1023
337
502
863
610
51
753
332
17
805
1
354
237
99
768
429
350
99
1018
316
971
959
220
365
235
496
561
688
974
273
688
336
191
92
688
914
449
213
80
386
386
44
536
8
276
877
842
19
823
386
333
959
440
553
780
754
321
630
553
553
553
553
981
689
393
104
393
393
393
745
319
393
326
448
162
442
935
278
568
633
633
292
676
488
583
488
355
683
601
488
955
675
721
86
392
885
923
38
413
854
927
176
176
462
931
706
435
555
959
241
219
330
230
230
1002
289
527
411
721
72
0
483
48
48
32
48
650
650
482
628
375
487
602
109
859
330
229
80
296
880
37
971
37
719
55
941
792
321
321
634
361
823
123
361
252
252
252
521
521
521
696
594
297
1017
791
521
402
376
521
239
521
594
372
594
602
594
521
594
441
946
372
429
372
7
372
392
372
451
320
502
841
372
372
594
214
656
611
420
239
502
196
14
744
502
614
361
14
14
859
862
14
862
695
862
371
11
368
828
371
371
343
744
371
371
797
531
371
767
292
814
22
111
111
506
27
22
405
816
611
966
899
111
343
677
543
879
104
279
571
246
680
877
879
879
879
902
347
879
575
575
835
902
111
111
22
22
866
573
111
902
848
879
879
902
879
902
594
239
718
879
844
879
524
879
830
879
31
902
288
988
879
77
879
298
111
111
16
858
22
756
111
93
937
769
22
22
90
22
58
239
629
643
22
177
22
22
22
597
111
902
879
879
355
510
478
879
147
544
147
879
727
41
595
102
486
879
879
1021
879
879
512
879
879
