1169
17303
17055
27903
11338
3179
11768
17914
65
9862
25209
11076
3863
4614
8476
3371
6048
7749
23945
3690
5631
28941
5756
25398
6419
2811
3465
75
29413
7974
5419
18416
4749
31445
976
2399
3271
4896
8395
5561
8685
7302
9110
4398
19982
3191
8713
721
13995
11414
17330
18723
9091
14828
25590
7210
13239
7506
23374
14998
20011
491
12868
27711
662
7348
13090
23266
1088
8164
337
5181
6383
1478
2669
16013
9303
18924
10062
23507
12581
20840
7512
12294
2347
1177
6129
19398
12167
25274
24104
1578
1578
13860
15037
2515
9654
8771
7147
6002
