75334953
215696412
541640545
631780910
698298652
588108996
396672823
237311582
243889479
661976669
231423398
488633152
906144444
500960703
390309861
842183794
903576115
92134535
945942167
687465980
623291945
719219389
135092473
672096301
728204096
254978299
585094820
687649451
681092156
467733081
476356367
532117440
355951675
796983196
305662215
468319776
587726453
561800168
256355203
824987002
454743561
426946393
729434537
851169467
446889016
811283677
762016406
731243182
202762378
116778209
878840916
265578908
331306494
80413776
214090343
432856923
251789078
870383849
285253738
83683415
344871621
153383424
845766533
61371768
760400756
831105395
402480710
830719408
626064426
478553963
299456116
225433696
258345342
737778824
189511463
50769135
971301035
106135921
171728748
878188873
248754123
227793519
224110932
634705119
487351062
869100043
391687942
617913763
945643184
223348065
542780782
830501445
549516261
560659328
496701936
847334635
733159445
347597354
633062569
537125468
212959435
650372850
888075733
808306084
539132552
853141867
756351580
684627841
585075678
439553876
310520348
666991069
978517546
343265034
781644179
677009510
229970844
382355598
106581690
353440939
518066438
506670561
251405234
297303281
850601020
871808536
626581586
985089279
78240572
315401028
11663952
748513529
614609461
343303507
843679325
984305412
220320408
866884184
970561214
607092026
988165770
734126674
42477574
396206330
639151897
235583039
875781464
979677129
133560513
698707373
853885124
128414158
355619288
252554039
832908464
928779700
371960720
199753273
532773430
522209217
106027916
885905433
701763153
699911013
506769183
489068145
516716419
99158873
702981719
478307071
235395394
157073207
129965858
3479464
7128640
716007657
26691945
939694127
87808991
707418846
113180149
414678061
823345747
738078836
337149426
822852120
754343422
993295321
185765198
481555207
180595898
654090575
733068527
367347410
369619091
965063871
250910067
37808309
68729533
906227829
201148670
204786551
948977048
756796288
329966594
859118972
618233340
104202982
543110500
474906763
734925999
351108539
124587579
236239866
497106058
528645902
683500065
716752980
919931995
225531366
349897480
327321365
443335975
692017041
261267115
268741379
629197597
308540288
625515569
758330196
406509598
804611526
547206991
667924735
656672958
798857758
578155379
861596169
882854662
432266447
507469786
78588515
425000004
919542967
815465834
153320504
350523415
557465925
780449056
305880357
827030858
556261793
787275771
991348831
799581534
490789643
818806634
124487806
619212383
984789023
542834262
972541775
107285496
536064040
166394892
89374366
518271196
296559757
993306191
907996832
842831409
413984812
476386565
834342083
973175656
291488972
614693228
431775547
715941975
120115587
503852748
296376813
101470731
640047236
856163538
244504050
630320246
365752485
279807343
377192188
197765486
925329805
726741035
265657286
956374184
837786168
304863796
177482537
601336302
199463530
869416116
181101222
526463284
275967127
558437192
706402417
49573220
311259069
5216746
349142415
199060067
68683900
747013093
292588640
419595511
842477128
306015447
728531630
535081868
760165784
419675189
158278506
370649639
497000519
501886502
183742698
154714101
672873006
538840404
720528203
226913467
567021990
492202180
92034544
557161170
715676105
150901193
167266595
91733224
698829856
422688447
793175708
256919351
689360219
49686413
455686064
590652484
386691247
975450375
305047808
156145018
528515254
462835383
126978241
56424774
771504984
531097922
476008164
668416911
928920714
969130671
736578642
570477734
410744572
192241510
483334587
527990434
448463756
888582260
334972439
596111002
478646934
358002836
867330845
89900553
642699275
108622559
128028873
441247507
495212581
922801419
729497443
747187747
263650200
453816669
406769112
490492708
21946706
324964948
333596176
518775594
592846282
975313555
350865499
296331783
56610389
870085840
83653820
303605249
715369938
955388106
696802845
714236980
837004235
396736869
473933900
973406116
125455302
829195107
896589634
863673697
308978091
990757254
900740079
141244024
899692460
391906647
308134861
123908240
164237988
447678866
274607672
518399007
827016219
682732075
131889810
128540438
212426303
100792682
716734615
571012045
73245234
885722554
379507106
979326331
2867751
21917028
3643265
664191227
780969159
807798531
35178307
713025189
886229215
694941264
448677993
225650800
700766566
591663092
185989658
174239444
674825809
147092554
787076372
388765721
383848655
450398559
632898730
